[debug] [2019-11-06T21:44:24.560Z] ----------------------------------------------------------------------
[debug] [2019-11-06T21:44:24.562Z] Command:       /Users/orie/.nvm/versions/node/v10.15.3/bin/node /Users/orie/Desktop/Transmute/did-key/packages/firebase-resolver/node_modules/.bin/firebase serve --only functions --port 5010
[debug] [2019-11-06T21:44:24.562Z] CLI Version:   7.6.2
[debug] [2019-11-06T21:44:24.562Z] Platform:      darwin
[debug] [2019-11-06T21:44:24.562Z] Node Version:  v10.15.3
[debug] [2019-11-06T21:44:24.563Z] Time:          Wed Nov 06 2019 15:44:24 GMT-0600 (Central Standard Time)
[debug] [2019-11-06T21:44:24.563Z] ----------------------------------------------------------------------
[debug] [2019-11-06T21:44:24.563Z] 
[debug] [2019-11-06T21:44:24.570Z] > command requires scopes: ["email","openid","https://www.googleapis.com/auth/cloudplatformprojects.readonly","https://www.googleapis.com/auth/firebase","https://www.googleapis.com/auth/cloud-platform"]
[debug] [2019-11-06T21:44:24.570Z] > authorizing via signed-in user
[debug] [2019-11-06T21:44:24.570Z] [iam] checking project did-key for permissions ["firebase.projects.get"]
[debug] [2019-11-06T21:44:24.571Z] >>> HTTP REQUEST POST https://cloudresourcemanager.googleapis.com/v1/projects/did-key:testIamPermissions  

[debug] [2019-11-06T21:44:25.280Z] <<< HTTP RESPONSE 200
[debug] [2019-11-06T21:44:25.281Z] >>> HTTP REQUEST GET https://firebase.googleapis.com/v1beta1/projects/did-key  
 
[debug] [2019-11-06T21:44:25.531Z] <<< HTTP RESPONSE 200
[warn] ⚠  Your requested "node" version "8" doesn't match your global version "10"
[info] ✔  functions: Emulator started at http://localhost:5010
[info] i  functions: Watching "/Users/orie/Desktop/Transmute/did-key/packages/firebase-resolver" for Cloud Functions...
[debug] [2019-11-06T21:44:25.811Z] [worker-~diagnostic~-2c4c5c54-608f-426a-8f1a-8284a4e88755]: BUSY
[debug] [2019-11-06T21:44:26.050Z] [runtime-status] Functions runtime initialized. {"cwd":"/Users/orie/Desktop/Transmute/did-key/packages/firebase-resolver","node_version":"10.15.3"}
[debug] [2019-11-06T21:44:26.051Z] [runtime-status] Disabled runtime features: {"functions_config_helper":true,"network_filtering":true,"timeout":true,"memory_limiting":true,"admin_stubs":true} {}
[debug] [2019-11-06T21:44:26.052Z] [runtime-status] Resolved module firebase-admin {"declared":true,"installed":true,"version":"8.7.0","resolution":"/Users/orie/Desktop/Transmute/did-key/packages/firebase-resolver/node_modules/firebase-admin/lib/index.js"}
[debug] [2019-11-06T21:44:26.053Z] [runtime-status] Resolved module firebase-functions {"declared":true,"installed":true,"version":"3.3.0","resolution":"/Users/orie/Desktop/Transmute/did-key/packages/firebase-resolver/node_modules/firebase-functions/lib/index.js"}
[debug] [2019-11-06T21:44:26.054Z] [runtime-status] Resolved module firebase-functions {"declared":true,"installed":true,"version":"3.3.0","resolution":"/Users/orie/Desktop/Transmute/did-key/packages/firebase-resolver/node_modules/firebase-functions/lib/index.js"}
[warn] ⚠  TypeError: fastify.addContentTypeParser is not a function
    at new DidKeyFastifyResolver (/Users/orie/Desktop/Transmute/did-key/packages/fastify-resolver/src/fastify/index.js:25:13)
    at Object.<anonymous> (/Users/orie/Desktop/Transmute/did-key/packages/firebase-resolver/index.js:7:16)
    at Module._compile (internal/modules/cjs/loader.js:701:30)
    at Object.Module._extensions..js (internal/modules/cjs/loader.js:712:10)
    at Module.load (internal/modules/cjs/loader.js:600:32)
    at tryModuleLoad (internal/modules/cjs/loader.js:539:12)
    at Function.Module._load (internal/modules/cjs/loader.js:531:3)
    at Module.require (internal/modules/cjs/loader.js:637:17)
    at require (internal/modules/cjs/helpers.js:22:18)
    at /Users/orie/Desktop/Transmute/did-key/packages/firebase-resolver/node_modules/firebase-tools/lib/emulator/functionsEmulatorRuntime.js:709:33
[warn] ⚠  We were unable to load your functions code. (see above)
[debug] [2019-11-06T21:44:26.203Z] [worker-~diagnostic~-2c4c5c54-608f-426a-8f1a-8284a4e88755]: exited
[debug] [2019-11-06T21:44:26.203Z] [worker-~diagnostic~-2c4c5c54-608f-426a-8f1a-8284a4e88755]: FINISHED
[debug] [2019-11-06T21:44:34.771Z] ----------------------------------------------------------------------
[debug] [2019-11-06T21:44:34.773Z] Command:       /Users/orie/.nvm/versions/node/v10.15.3/bin/node /Users/orie/Desktop/Transmute/did-key/packages/firebase-resolver/node_modules/.bin/firebase serve --only functions --port 5010
[debug] [2019-11-06T21:44:34.773Z] CLI Version:   7.6.2
[debug] [2019-11-06T21:44:34.773Z] Platform:      darwin
[debug] [2019-11-06T21:44:34.773Z] Node Version:  v10.15.3
[debug] [2019-11-06T21:44:34.774Z] Time:          Wed Nov 06 2019 15:44:34 GMT-0600 (Central Standard Time)
[debug] [2019-11-06T21:44:34.774Z] ----------------------------------------------------------------------
[debug] [2019-11-06T21:44:34.774Z] 
[debug] [2019-11-06T21:44:34.781Z] > command requires scopes: ["email","openid","https://www.googleapis.com/auth/cloudplatformprojects.readonly","https://www.googleapis.com/auth/firebase","https://www.googleapis.com/auth/cloud-platform"]
[debug] [2019-11-06T21:44:34.781Z] > authorizing via signed-in user
[debug] [2019-11-06T21:44:34.781Z] [iam] checking project did-key for permissions ["firebase.projects.get"]
[debug] [2019-11-06T21:44:34.782Z] >>> HTTP REQUEST POST https://cloudresourcemanager.googleapis.com/v1/projects/did-key:testIamPermissions  

[debug] [2019-11-06T21:44:35.028Z] <<< HTTP RESPONSE 200
[debug] [2019-11-06T21:44:35.030Z] >>> HTTP REQUEST GET https://firebase.googleapis.com/v1beta1/projects/did-key  
 
[debug] [2019-11-06T21:44:35.254Z] <<< HTTP RESPONSE 200
[warn] ⚠  Your requested "node" version "8" doesn't match your global version "10"
[info] ✔  functions: Emulator started at http://localhost:5010
[info] i  functions: Watching "/Users/orie/Desktop/Transmute/did-key/packages/firebase-resolver" for Cloud Functions...
[debug] [2019-11-06T21:44:35.542Z] [worker-~diagnostic~-6a48b793-ead9-4c06-9040-7b87e428e87e]: BUSY
[debug] [2019-11-06T21:44:35.767Z] [runtime-status] Functions runtime initialized. {"cwd":"/Users/orie/Desktop/Transmute/did-key/packages/firebase-resolver","node_version":"10.15.3"}
[debug] [2019-11-06T21:44:35.768Z] [runtime-status] Disabled runtime features: {"functions_config_helper":true,"network_filtering":true,"timeout":true,"memory_limiting":true,"admin_stubs":true} {}
[debug] [2019-11-06T21:44:35.769Z] [runtime-status] Resolved module firebase-admin {"declared":true,"installed":true,"version":"8.7.0","resolution":"/Users/orie/Desktop/Transmute/did-key/packages/firebase-resolver/node_modules/firebase-admin/lib/index.js"}
[debug] [2019-11-06T21:44:35.770Z] [runtime-status] Resolved module firebase-functions {"declared":true,"installed":true,"version":"3.3.0","resolution":"/Users/orie/Desktop/Transmute/did-key/packages/firebase-resolver/node_modules/firebase-functions/lib/index.js"}
[debug] [2019-11-06T21:44:35.770Z] [runtime-status] Resolved module firebase-functions {"declared":true,"installed":true,"version":"3.3.0","resolution":"/Users/orie/Desktop/Transmute/did-key/packages/firebase-resolver/node_modules/firebase-functions/lib/index.js"}
[info] ✔  functions[main]: http function initialized (http://localhost:5010/did-key/us-central1/main).
[debug] [2019-11-06T21:44:35.996Z] [worker-~diagnostic~-6a48b793-ead9-4c06-9040-7b87e428e87e]: exited
[debug] [2019-11-06T21:44:35.996Z] [worker-~diagnostic~-6a48b793-ead9-4c06-9040-7b87e428e87e]: FINISHED
[debug] [2019-11-06T21:44:39.122Z] Accepted request POST /did-key/us-central1/main/api/dids/test --> main
[debug] [2019-11-06T21:44:39.126Z] [worker-main-a9aa97c9-7455-4add-83c1-47659e308491]: BUSY
[debug] [2019-11-06T21:44:39.354Z] [runtime-status] Functions runtime initialized. {"cwd":"/Users/orie/Desktop/Transmute/did-key/packages/firebase-resolver","node_version":"10.15.3"}
[debug] [2019-11-06T21:44:39.355Z] [runtime-status] Disabled runtime features: {"functions_config_helper":true,"network_filtering":true,"timeout":true,"memory_limiting":true,"admin_stubs":true} {}
[debug] [2019-11-06T21:44:39.357Z] [runtime-status] Resolved module firebase-admin {"declared":true,"installed":true,"version":"8.7.0","resolution":"/Users/orie/Desktop/Transmute/did-key/packages/firebase-resolver/node_modules/firebase-admin/lib/index.js"}
[debug] [2019-11-06T21:44:39.358Z] [runtime-status] Resolved module firebase-functions {"declared":true,"installed":true,"version":"3.3.0","resolution":"/Users/orie/Desktop/Transmute/did-key/packages/firebase-resolver/node_modules/firebase-functions/lib/index.js"}
[debug] [2019-11-06T21:44:39.358Z] [runtime-status] Resolved module firebase-functions {"declared":true,"installed":true,"version":"3.3.0","resolution":"/Users/orie/Desktop/Transmute/did-key/packages/firebase-resolver/node_modules/firebase-functions/lib/index.js"}
[debug] [2019-11-06T21:44:39.571Z] [runtime-status] Trigger "main" has been found, beginning invocation! {}
[info] i  functions: Beginning execution of "main"
[debug] [2019-11-06T21:44:39.571Z] [runtime-status]  {"httpsTrigger":{},"name":"main","entryPoint":"main"}
[debug] [2019-11-06T21:44:39.571Z] [runtime-status] Running main in mode HTTPS {}
[debug] [2019-11-06T21:44:39.578Z] {"socketPath":"/var/folders/52/jhpf4_3147ndfjk_dtzthtwm0000gn/T/firebase_emulator_invocation_61876.sock"}
[debug] [2019-11-06T21:44:39.578Z] [functions] Runtime ready! Sending request! {"socketPath":"/var/folders/52/jhpf4_3147ndfjk_dtzthtwm0000gn/T/firebase_emulator_invocation_61876.sock"}
[debug] [2019-11-06T21:44:39.587Z] [runtime-status] Ephemeral server used! {}
[debug] [2019-11-06T21:44:39.591Z] [runtime-status] Ephemeral server survived. {}
[info] i  functions: Finished "main" in ~1s
[debug] [2019-11-06T21:44:39.662Z] [worker-main-a9aa97c9-7455-4add-83c1-47659e308491]: IDLE
